{"/Users/tenzindelek/Developer/monlamai/vitetest/src/App.jsx": {"path":"/Users/tenzindelek/Developer/monlamai/vitetest/src/App.jsx","all":false,"statementMap":{"0":{"start":{"line":1,"column":0},"end":{"line":1,"column":32}},"1":{"start":{"line":2,"column":0},"end":{"line":2,"column":42}},"2":{"start":{"line":3,"column":0},"end":{"line":3,"column":32}},"3":{"start":{"line":4,"column":0},"end":{"line":4,"column":18}},"5":{"start":{"line":6,"column":0},"end":{"line":6,"column":16}},"6":{"start":{"line":7,"column":0},"end":{"line":7,"column":39}},"8":{"start":{"line":9,"column":0},"end":{"line":9,"column":10}},"9":{"start":{"line":10,"column":0},"end":{"line":10,"column":6}},"10":{"start":{"line":11,"column":0},"end":{"line":11,"column":11}},"11":{"start":{"line":12,"column":0},"end":{"line":12,"column":51}},"12":{"start":{"line":13,"column":0},"end":{"line":13,"column":65}},"13":{"start":{"line":14,"column":0},"end":{"line":14,"column":12}},"14":{"start":{"line":15,"column":0},"end":{"line":15,"column":52}},"15":{"start":{"line":16,"column":0},"end":{"line":16,"column":73}},"16":{"start":{"line":17,"column":0},"end":{"line":17,"column":12}},"17":{"start":{"line":18,"column":0},"end":{"line":18,"column":12}},"18":{"start":{"line":19,"column":0},"end":{"line":19,"column":27}},"19":{"start":{"line":20,"column":0},"end":{"line":20,"column":28}},"20":{"start":{"line":21,"column":0},"end":{"line":21,"column":63}},"21":{"start":{"line":22,"column":0},"end":{"line":22,"column":26}},"22":{"start":{"line":23,"column":0},"end":{"line":23,"column":17}},"23":{"start":{"line":24,"column":0},"end":{"line":24,"column":11}},"24":{"start":{"line":25,"column":0},"end":{"line":25,"column":60}},"25":{"start":{"line":26,"column":0},"end":{"line":26,"column":12}},"26":{"start":{"line":27,"column":0},"end":{"line":27,"column":12}},"27":{"start":{"line":28,"column":0},"end":{"line":28,"column":35}},"29":{"start":{"line":30,"column":0},"end":{"line":30,"column":10}},"30":{"start":{"line":31,"column":0},"end":{"line":31,"column":7}},"32":{"start":{"line":33,"column":0},"end":{"line":33,"column":1}},"34":{"start":{"line":35,"column":0},"end":{"line":35,"column":18}}},"s":{"0":1,"1":1,"2":1,"3":1,"5":3,"6":3,"8":3,"9":3,"10":3,"11":3,"12":3,"13":3,"14":3,"15":3,"16":3,"17":3,"18":3,"19":3,"20":3,"21":3,"22":3,"23":3,"24":3,"25":3,"26":3,"27":3,"29":3,"30":3,"32":3,"34":1},"branchMap":{"0":{"type":"branch","line":6,"loc":{"start":{"line":6,"column":0},"end":{"line":33,"column":1}},"locations":[{"start":{"line":6,"column":0},"end":{"line":33,"column":1}}]},"1":{"type":"branch","line":21,"loc":{"start":{"line":21,"column":25},"end":{"line":21,"column":63}},"locations":[{"start":{"line":21,"column":25},"end":{"line":21,"column":63}}]},"2":{"type":"branch","line":21,"loc":{"start":{"line":21,"column":40},"end":{"line":21,"column":60}},"locations":[{"start":{"line":21,"column":40},"end":{"line":21,"column":60}}]}},"b":{"0":[3],"1":[1],"2":[1]},"fnMap":{"0":{"name":"App","decl":{"start":{"line":6,"column":0},"end":{"line":33,"column":1}},"loc":{"start":{"line":6,"column":0},"end":{"line":33,"column":1}},"line":6},"1":{"name":"onClick","decl":{"start":{"line":21,"column":25},"end":{"line":21,"column":63}},"loc":{"start":{"line":21,"column":25},"end":{"line":21,"column":63}},"line":21}},"f":{"0":3,"1":1}}
,"/Users/tenzindelek/Developer/monlamai/vitetest/src/utils/test-utils.jsx": {"path":"/Users/tenzindelek/Developer/monlamai/vitetest/src/utils/test-utils.jsx","all":false,"statementMap":{"0":{"start":{"line":1,"column":0},"end":{"line":1,"column":56}},"1":{"start":{"line":2,"column":0},"end":{"line":2,"column":35}},"4":{"start":{"line":5,"column":0},"end":{"line":5,"column":15}},"5":{"start":{"line":6,"column":0},"end":{"line":6,"column":13}},"6":{"start":{"line":7,"column":0},"end":{"line":7,"column":2}},"8":{"start":{"line":9,"column":0},"end":{"line":9,"column":34}},"9":{"start":{"line":10,"column":0},"end":{"line":10,"column":22}},"10":{"start":{"line":11,"column":0},"end":{"line":11,"column":40}},"11":{"start":{"line":12,"column":0},"end":{"line":12,"column":19}},"12":{"start":{"line":13,"column":0},"end":{"line":13,"column":6}},"13":{"start":{"line":14,"column":0},"end":{"line":14,"column":1}},"15":{"start":{"line":16,"column":0},"end":{"line":16,"column":38}},"16":{"start":{"line":17,"column":0},"end":{"line":17,"column":64}}},"s":{"0":1,"1":1,"4":1,"5":3,"6":3,"8":2,"9":2,"10":2,"11":2,"12":2,"13":2,"15":1,"16":1},"branchMap":{"0":{"type":"branch","line":5,"loc":{"start":{"line":5,"column":10},"end":{"line":7,"column":2}},"locations":[{"start":{"line":5,"column":10},"end":{"line":7,"column":2}}]},"1":{"type":"branch","line":9,"loc":{"start":{"line":9,"column":0},"end":{"line":14,"column":1}},"locations":[{"start":{"line":9,"column":0},"end":{"line":14,"column":1}}]},"2":{"type":"branch","line":11,"loc":{"start":{"line":11,"column":17},"end":{"line":11,"column":40}},"locations":[{"start":{"line":11,"column":17},"end":{"line":11,"column":40}}]}},"b":{"0":[3],"1":[2],"2":[2]},"fnMap":{"0":{"name":"customRender","decl":{"start":{"line":9,"column":0},"end":{"line":14,"column":1}},"loc":{"start":{"line":9,"column":0},"end":{"line":14,"column":1}},"line":9},"1":{"name":"wrapper","decl":{"start":{"line":11,"column":17},"end":{"line":11,"column":40}},"loc":{"start":{"line":11,"column":17},"end":{"line":11,"column":40}},"line":11}},"f":{"0":2,"1":2}}
}
