{"/Users/tenzindelek/Developer/monlamai/vitetest/src/App.jsx": {"path":"/Users/tenzindelek/Developer/monlamai/vitetest/src/App.jsx","all":false,"statementMap":{"0":{"start":{"line":1,"column":0},"end":{"line":1,"column":43}},"1":{"start":{"line":2,"column":0},"end":{"line":2,"column":42}},"2":{"start":{"line":3,"column":0},"end":{"line":3,"column":32}},"3":{"start":{"line":4,"column":0},"end":{"line":4,"column":18}},"5":{"start":{"line":6,"column":0},"end":{"line":6,"column":16}},"6":{"start":{"line":7,"column":0},"end":{"line":7,"column":39}},"7":{"start":{"line":8,"column":0},"end":{"line":8,"column":34}},"9":{"start":{"line":10,"column":0},"end":{"line":10,"column":16}},"10":{"start":{"line":11,"column":0},"end":{"line":11,"column":40}},"11":{"start":{"line":12,"column":0},"end":{"line":12,"column":26}},"12":{"start":{"line":13,"column":0},"end":{"line":13,"column":34}},"13":{"start":{"line":14,"column":0},"end":{"line":14,"column":6}},"14":{"start":{"line":15,"column":0},"end":{"line":15,"column":10}},"15":{"start":{"line":16,"column":0},"end":{"line":16,"column":6}},"16":{"start":{"line":17,"column":0},"end":{"line":17,"column":11}},"17":{"start":{"line":18,"column":0},"end":{"line":18,"column":51}},"18":{"start":{"line":19,"column":0},"end":{"line":19,"column":65}},"19":{"start":{"line":20,"column":0},"end":{"line":20,"column":12}},"20":{"start":{"line":21,"column":0},"end":{"line":21,"column":52}},"21":{"start":{"line":22,"column":0},"end":{"line":22,"column":73}},"22":{"start":{"line":23,"column":0},"end":{"line":23,"column":12}},"23":{"start":{"line":24,"column":0},"end":{"line":24,"column":12}},"24":{"start":{"line":25,"column":0},"end":{"line":25,"column":27}},"25":{"start":{"line":26,"column":0},"end":{"line":26,"column":28}},"26":{"start":{"line":27,"column":0},"end":{"line":27,"column":63}},"27":{"start":{"line":28,"column":0},"end":{"line":28,"column":26}},"28":{"start":{"line":29,"column":0},"end":{"line":29,"column":17}},"29":{"start":{"line":30,"column":0},"end":{"line":30,"column":11}},"30":{"start":{"line":31,"column":0},"end":{"line":31,"column":60}},"31":{"start":{"line":32,"column":0},"end":{"line":32,"column":12}},"32":{"start":{"line":33,"column":0},"end":{"line":33,"column":12}},"33":{"start":{"line":34,"column":0},"end":{"line":34,"column":35}},"35":{"start":{"line":36,"column":0},"end":{"line":36,"column":10}},"37":{"start":{"line":38,"column":0},"end":{"line":38,"column":65}},"39":{"start":{"line":40,"column":0},"end":{"line":40,"column":7}},"41":{"start":{"line":42,"column":0},"end":{"line":42,"column":1}},"43":{"start":{"line":44,"column":0},"end":{"line":44,"column":18}}},"s":{"0":1,"1":1,"2":1,"3":1,"5":7,"6":7,"7":7,"9":7,"10":4,"11":4,"12":4,"13":7,"14":7,"15":7,"16":7,"17":7,"18":7,"19":7,"20":7,"21":7,"22":7,"23":7,"24":7,"25":7,"26":7,"27":7,"28":7,"29":7,"30":7,"31":7,"32":7,"33":7,"35":7,"37":7,"39":7,"41":7,"43":1},"branchMap":{"0":{"type":"branch","line":6,"loc":{"start":{"line":6,"column":0},"end":{"line":42,"column":1}},"locations":[{"start":{"line":6,"column":0},"end":{"line":42,"column":1}}]},"1":{"type":"branch","line":38,"loc":{"start":{"line":38,"column":13},"end":{"line":38,"column":65}},"locations":[{"start":{"line":38,"column":13},"end":{"line":38,"column":65}}]},"2":{"type":"branch","line":10,"loc":{"start":{"line":10,"column":11},"end":{"line":14,"column":3}},"locations":[{"start":{"line":10,"column":11},"end":{"line":14,"column":3}}]},"3":{"type":"branch","line":12,"loc":{"start":{"line":12,"column":10},"end":{"line":12,"column":25}},"locations":[{"start":{"line":12,"column":10},"end":{"line":12,"column":25}}]},"4":{"type":"branch","line":13,"loc":{"start":{"line":13,"column":10},"end":{"line":13,"column":33}},"locations":[{"start":{"line":13,"column":10},"end":{"line":13,"column":33}}]},"5":{"type":"branch","line":27,"loc":{"start":{"line":27,"column":25},"end":{"line":27,"column":63}},"locations":[{"start":{"line":27,"column":25},"end":{"line":27,"column":63}}]},"6":{"type":"branch","line":27,"loc":{"start":{"line":27,"column":40},"end":{"line":27,"column":60}},"locations":[{"start":{"line":27,"column":40},"end":{"line":27,"column":60}}]}},"b":{"0":[7],"1":[3],"2":[4],"3":[4],"4":[4],"5":[1],"6":[1]},"fnMap":{"0":{"name":"App","decl":{"start":{"line":6,"column":0},"end":{"line":42,"column":1}},"loc":{"start":{"line":6,"column":0},"end":{"line":42,"column":1}},"line":6},"1":{"name":"onClick","decl":{"start":{"line":27,"column":25},"end":{"line":27,"column":63}},"loc":{"start":{"line":27,"column":25},"end":{"line":27,"column":63}},"line":27}},"f":{"0":7,"1":1}}
,"/Users/tenzindelek/Developer/monlamai/vitetest/src/test/mocks/handlers.js": {"path":"/Users/tenzindelek/Developer/monlamai/vitetest/src/test/mocks/handlers.js","all":false,"statementMap":{"0":{"start":{"line":1,"column":0},"end":{"line":1,"column":74}},"2":{"start":{"line":3,"column":0},"end":{"line":3,"column":25}},"3":{"start":{"line":4,"column":0},"end":{"line":4,"column":49}},"4":{"start":{"line":5,"column":0},"end":{"line":5,"column":29}},"5":{"start":{"line":6,"column":0},"end":{"line":6,"column":7}},"6":{"start":{"line":7,"column":0},"end":{"line":7,"column":16}},"7":{"start":{"line":8,"column":0},"end":{"line":8,"column":11}},"8":{"start":{"line":9,"column":0},"end":{"line":9,"column":18}},"9":{"start":{"line":10,"column":0},"end":{"line":10,"column":34}},"10":{"start":{"line":11,"column":0},"end":{"line":11,"column":29}},"11":{"start":{"line":12,"column":0},"end":{"line":12,"column":23}},"12":{"start":{"line":13,"column":0},"end":{"line":13,"column":12}},"13":{"start":{"line":14,"column":0},"end":{"line":14,"column":10}},"14":{"start":{"line":15,"column":0},"end":{"line":15,"column":8}},"15":{"start":{"line":16,"column":0},"end":{"line":16,"column":21}},"16":{"start":{"line":17,"column":0},"end":{"line":17,"column":6}},"17":{"start":{"line":18,"column":0},"end":{"line":18,"column":5}},"18":{"start":{"line":19,"column":0},"end":{"line":19,"column":2}}},"s":{"0":1,"2":1,"3":1,"4":4,"5":4,"6":4,"7":4,"8":4,"9":4,"10":4,"11":4,"12":4,"13":4,"14":4,"15":4,"16":4,"17":1,"18":1},"branchMap":{"0":{"type":"branch","line":4,"loc":{"start":{"line":4,"column":42},"end":{"line":18,"column":3}},"locations":[{"start":{"line":4,"column":42},"end":{"line":18,"column":3}}]}},"b":{"0":[4]},"fnMap":{},"f":{}}
,"/Users/tenzindelek/Developer/monlamai/vitetest/src/test/mocks/server.js": {"path":"/Users/tenzindelek/Developer/monlamai/vitetest/src/test/mocks/server.js","all":false,"statementMap":{"0":{"start":{"line":1,"column":0},"end":{"line":1,"column":67}},"1":{"start":{"line":2,"column":0},"end":{"line":2,"column":55}},"3":{"start":{"line":4,"column":0},"end":{"line":4,"column":45}},"4":{"start":{"line":5,"column":0},"end":{"line":5,"column":47}}},"s":{"0":1,"1":1,"3":1,"4":1},"branchMap":{},"b":{},"fnMap":{},"f":{}}
,"/Users/tenzindelek/Developer/monlamai/vitetest/src/utils/test-utils.jsx": {"path":"/Users/tenzindelek/Developer/monlamai/vitetest/src/utils/test-utils.jsx","all":false,"statementMap":{"0":{"start":{"line":1,"column":0},"end":{"line":1,"column":56}},"1":{"start":{"line":2,"column":0},"end":{"line":2,"column":35}},"4":{"start":{"line":5,"column":0},"end":{"line":5,"column":15}},"5":{"start":{"line":6,"column":0},"end":{"line":6,"column":13}},"6":{"start":{"line":7,"column":0},"end":{"line":7,"column":2}},"8":{"start":{"line":9,"column":0},"end":{"line":9,"column":34}},"9":{"start":{"line":10,"column":0},"end":{"line":10,"column":22}},"10":{"start":{"line":11,"column":0},"end":{"line":11,"column":40}},"11":{"start":{"line":12,"column":0},"end":{"line":12,"column":19}},"12":{"start":{"line":13,"column":0},"end":{"line":13,"column":6}},"13":{"start":{"line":14,"column":0},"end":{"line":14,"column":1}},"15":{"start":{"line":16,"column":0},"end":{"line":16,"column":38}},"16":{"start":{"line":17,"column":0},"end":{"line":17,"column":64}}},"s":{"0":1,"1":1,"4":1,"5":5,"6":5,"8":4,"9":4,"10":4,"11":4,"12":4,"13":4,"15":1,"16":1},"branchMap":{"0":{"type":"branch","line":5,"loc":{"start":{"line":5,"column":10},"end":{"line":7,"column":2}},"locations":[{"start":{"line":5,"column":10},"end":{"line":7,"column":2}}]},"1":{"type":"branch","line":9,"loc":{"start":{"line":9,"column":0},"end":{"line":14,"column":1}},"locations":[{"start":{"line":9,"column":0},"end":{"line":14,"column":1}}]},"2":{"type":"branch","line":11,"loc":{"start":{"line":11,"column":17},"end":{"line":11,"column":40}},"locations":[{"start":{"line":11,"column":17},"end":{"line":11,"column":40}}]}},"b":{"0":[5],"1":[4],"2":[4]},"fnMap":{"0":{"name":"customRender","decl":{"start":{"line":9,"column":0},"end":{"line":14,"column":1}},"loc":{"start":{"line":9,"column":0},"end":{"line":14,"column":1}},"line":9},"1":{"name":"wrapper","decl":{"start":{"line":11,"column":17},"end":{"line":11,"column":40}},"loc":{"start":{"line":11,"column":17},"end":{"line":11,"column":40}},"line":11}},"f":{"0":4,"1":4}}
}
